[0mPATCH /api/set [33m404[0m 2.205 ms - 148[0m
[0mPATCH /sensor/set [33m404[0m 0.645 ms - 151[0m
[0mPATCH /api/sensor/set [32m200[0m 1106.698 ms - 231[0m
[0mPATCH /api/del/Metan [33m404[0m 0.782 ms - 154[0m
[0mPATCH /api/sensor/del/Metan [32m200[0m 660.013 ms - 251[0m
[0mPATCH /api/sensor/del/Is%C4%B1%20ve%20Nem [32m200[0m 211.980 ms - 251[0m
[0mGET /api/sensor/gen [32m200[0m 224.270 ms - 74[0m
[0mGET /api/sensor/det/Metan [32m200[0m 232.807 ms - 607[0m
[0mPATCH /api/sensor/set [32m200[0m 556.971 ms - 231[0m
[0mGET /api/sensor/gen [32m200[0m 194.268 ms - 210[0m
[0mPATCH /api/sensor/set [32m200[0m 395.626 ms - 231[0m
[0mGET /api/sensor/gen [32m200[0m 207.383 ms - 209[0m
[0mGET /api/sensor/det/Metan [32m200[0m 217.732 ms - 612[0m
[0mPATCH /api/sensor/val [32m200[0m 234.740 ms - 249[0m
[0mPATCH /api/sensor/val [32m200[0m 959.059 ms - 249[0m
[0mPATCH /api/sensor/val [32m200[0m 463.213 ms - 249[0m
[0mPATCH /api/sensor/val [32m200[0m 681.838 ms - 249[0m
[0mPATCH /api/sensor/set [32m200[0m 814.130 ms - 231[0m
[0mGET /api/sensor/gen [32m200[0m 211.863 ms - 209[0m
[0mGET /api/sensor/det/Metan [32m200[0m 217.441 ms - 617[0m
[0mPATCH /api/sensor/val [32m200[0m 500.614 ms - 249[0m
[0mGET /api/sensor/det/Metan [32m200[0m 199.556 ms - 617[0m
[0mPATCH /api/sensor/set [32m200[0m 749.912 ms - 216[0m
[0mPATCH /api/sensor/del/Is%C4%B1%20ve%20Nem [32m200[0m 251.123 ms - 229[0m
[0mPATCH /api/sensor/val [32m200[0m 425.431 ms - 216[0m
[0mPATCH /api/sensor/set [32m200[0m 491.337 ms - 216[0m
